<?xml version="1.0" encoding="UTF-8"?>
<testng-results ignored="0" total="1" passed="1" failed="0" skipped="0">
  <reporter-output>
  </reporter-output>
  <suite started-at="2022-02-06T02:52:52 EST" name="Default suite" finished-at="2022-02-06T02:52:58 EST" duration-ms="6490">
    <groups>
    </groups>
    <test started-at="2022-02-06T02:52:52 EST" name="Default test" finished-at="2022-02-06T02:52:58 EST" duration-ms="6490">
      <class name="com.smoke.test.SmokeTestRun">
        <test-method is-config="true" signature="before()[pri:0, instance:com.smoke.test.SmokeTestRun@4efbca5a]" started-at="2022-02-06T02:52:52 EST" name="before" finished-at="2022-02-06T02:52:52 EST" duration-ms="283" status="PASS">
          <reporter-output>
          </reporter-output>
        </test-method> <!-- before -->
        <test-method is-config="true" signature="setUp(java.lang.reflect.Method)[pri:0, instance:com.smoke.test.SmokeTestRun@4efbca5a]" started-at="2022-02-06T02:52:52 EST" name="setUp" finished-at="2022-02-06T02:52:52 EST" duration-ms="6" status="PASS">
          <params>
            <param index="0">
              <value>
                <![CDATA[public void com.smoke.test.SmokeTestRun.smoke_Test_Login_Function_Positive() throws java.lang.Throwable]]>
              </value>
            </param>
          </params>
          <reporter-output>
          </reporter-output>
        </test-method> <!-- setUp -->
        <test-method signature="smoke_Test_Login_Function_Positive()[pri:0, instance:com.smoke.test.SmokeTestRun@4efbca5a]" started-at="2022-02-06T02:52:52 EST" name="smoke_Test_Login_Function_Positive" finished-at="2022-02-06T02:52:58 EST" duration-ms="5680" status="PASS">
          <reporter-output>
          </reporter-output>
        </test-method> <!-- smoke_Test_Login_Function_Positive -->
        <test-method is-config="true" signature="aftermethod(org.testng.ITestResult)[pri:0, instance:com.smoke.test.SmokeTestRun@4efbca5a]" started-at="2022-02-06T02:52:58 EST" name="aftermethod" finished-at="2022-02-06T02:52:58 EST" duration-ms="16" status="PASS">
          <params>
            <param index="0">
              <value>
                <![CDATA[[TestResult name=smoke_Test_Login_Function_Positive status=SUCCESS method=SmokeTestRun.smoke_Test_Login_Function_Positive()[pri:0, instance:com.smoke.test.SmokeTestRun@4efbca5a] output={null}]]]>
              </value>
            </param>
          </params>
          <reporter-output>
          </reporter-output>
        </test-method> <!-- aftermethod -->
        <test-method is-config="true" signature="sfterSuite()[pri:0, instance:com.smoke.test.SmokeTestRun@4efbca5a]" started-at="2022-02-06T02:52:58 EST" name="sfterSuite" finished-at="2022-02-06T02:52:58 EST" duration-ms="458" status="PASS">
          <reporter-output>
          </reporter-output>
        </test-method> <!-- sfterSuite -->
      </class> <!-- com.smoke.test.SmokeTestRun -->
    </test> <!-- Default test -->
  </suite> <!-- Default suite -->
</testng-results>
